#
# A fatal error has been detected by the Java Runtime Environment:
#
#  EXCEPTION_ACCESS_VIOLATION (0xc0000005) at pc=0x0000000056b282b5, pid=8108, tid=1284
#
# JRE version: Java(TM) SE Runtime Environment (8.0_45-b15) (build 1.8.0_45-b15)
# Java VM: Java HotSpot(TM) 64-Bit Server VM (25.45-b02 mixed mode windows-amd64 compressed oops)
# Problematic frame:
# V  [jvm.dll+0x1282b5]
#
# Failed to write core dump. Minidumps are not enabled by default on client versions of Windows
#
# If you would like to submit a bug report, please visit:
#   http://bugreport.java.com/bugreport/crash.jsp
#

---------------  T H R E A D  ---------------

Current thread (0x0000000057293000):  JavaThread "JDWP Transport Listener: dt_socket" daemon [_thread_in_vm, id=1284, stack(0x0000000057ae0000,0x0000000057be0000)]

siginfo: ExceptionCode=0xc0000005, reading address 0xffffffffffffffff

Registers:
RAX=0x0000000057bdf701, RBX=0x0000000057293000, RCX=0x6b636975512f7472, RDX=0x0000000000000000
RSP=0x0000000057bdf6d0, RBP=0x6b636975512f7472, RSI=0x0000000057bdf7e8, RDI=0x0000000001f693a0
R8 =0x0000000057293000, R9 =0x000000000000ff00, R10=0x0000000000000000, R11=0x0000082f003e005d
R12=0x0000000000000000, R13=0x0000000057299988, R14=0x0000000000000000, R15=0x0000000000000000
RIP=0x0000000056b282b5, EFLAGS=0x0000000000010206

Top of Stack: (sp=0x0000000057bdf6d0)
0x0000000057bdf6d0:   0000000057293000 0000000057293000
0x0000000057bdf6e0:   0000000057bdf798 0000000056d2c7db
0x0000000057bdf6f0:   0000000057293000 0000000056d4903d
0x0000000057bdf700:   0000000000000000 000000005fa49155
0x0000000057bdf710:   00000000572ae718 000000005fa5291e
0x0000000057bdf720:   0000000057293000 0000000000000000
0x0000000057bdf730:   0000000000000000 0000000000000000
0x0000000057bdf740:   6b636975512f7472 000000005fa51a15
0x0000000057bdf750:   0000000057bdf7e8 0000000057bdf7c0
0x0000000057bdf760:   0000000000000001 00000000572ae718
0x0000000057bdf770:   6b636975512f7472 000000005fa353b3
0x0000000057bdf780:   0000000057bdf8b0 0000000000000001
0x0000000057bdf790:   0000000000000001 00000000572ae718
0x0000000057bdf7a0:   0000000000000009 0000000000000000
0x0000000057bdf7b0:   0000000000000000 0000000000000000
0x0000000057bdf7c0:   0000000000000001 000000005fa35571 

Instructions: (pc=0x0000000056b282b5)
0x0000000056b28295:   cc cc cc cc cc cc cc cc cc cc cc 48 83 ec 28 48
0x0000000056b282a5:   85 c9 75 07 33 c0 48 83 c4 28 c3 48 89 5c 24 20
0x0000000056b282b5:   48 8b 19 48 85 db 74 20 48 83 fb 37 74 1a 48 8b
0x0000000056b282c5:   13 48 8b cb ff 52 10 84 c0 74 0d 48 8b c3 48 8b 


Register to memory mapping:

RAX=0x0000000057bdf701 is pointing into the stack for thread: 0x0000000057293000
RBX=0x0000000057293000 is a thread
RCX=0x6b636975512f7472 is an unknown value
RDX=0x0000000000000000 is an unknown value
RSP=0x0000000057bdf6d0 is pointing into the stack for thread: 0x0000000057293000
RBP=0x6b636975512f7472 is an unknown value
RSI=0x0000000057bdf7e8 is pointing into the stack for thread: 0x0000000057293000
RDI=0x0000000001f693a0 is an unknown value
R8 =0x0000000057293000 is a thread
R9 =0x000000000000ff00 is an unknown value
R10=0x0000000000000000 is an unknown value
R11=0x0000082f003e005d is an unknown value
R12=0x0000000000000000 is an unknown value
R13=0x0000000057299988 is an unknown value
R14=0x0000000000000000 is an unknown value
R15=0x0000000000000000 is an unknown value


Stack: [0x0000000057ae0000,0x0000000057be0000],  sp=0x0000000057bdf6d0,  free space=1021k
Native frames: (J=compiled Java code, j=interpreted, Vv=VM code, C=native code)
V  [jvm.dll+0x1282b5]
V  [jvm.dll+0x34903d]
C  [jdwp.dll+0x21a15]
C  [jdwp.dll+0x53b3]
C  [jdwp.dll+0x5571]
C  [jdwp.dll+0xf0a8]
C  [jdwp.dll+0x1f2d5]
C  [jdwp.dll+0x1f4aa]
V  [jvm.dll+0x1bae98]
V  [jvm.dll+0x241984]
V  [jvm.dll+0x29853a]
C  [msvcr100.dll+0x21d9f]
C  [msvcr100.dll+0x21e3b]
C  [kernel32.dll+0x159ed]
C  [ntdll.dll+0x2b371]


---------------  P R O C E S S  ---------------

Java Threads: ( => current thread )
  0x0000000057339000 JavaThread "Service Thread" daemon [_thread_blocked, id=8056, stack(0x0000000058130000,0x0000000058230000)]
  0x00000000572c5000 JavaThread "C1 CompilerThread2" daemon [_thread_blocked, id=9420, stack(0x0000000057fc0000,0x00000000580c0000)]
  0x00000000572c2000 JavaThread "C2 CompilerThread1" daemon [_thread_blocked, id=10324, stack(0x00000000579e0000,0x0000000057ae0000)]
  0x00000000572b8000 JavaThread "C2 CompilerThread0" daemon [_thread_blocked, id=9324, stack(0x0000000057eb0000,0x0000000057fb0000)]
  0x00000000572a0000 JavaThread "JDWP Command Reader" daemon [_thread_in_native, id=9552, stack(0x0000000057d50000,0x0000000057e50000)]
  0x000000005729d000 JavaThread "JDWP Event Helper Thread" daemon [_thread_blocked, id=7920, stack(0x0000000057790000,0x0000000057890000)]
=>0x0000000057293000 JavaThread "JDWP Transport Listener: dt_socket" daemon [_thread_in_vm, id=1284, stack(0x0000000057ae0000,0x0000000057be0000)]
  0x000000005515a800 JavaThread "Attach Listener" daemon [_thread_blocked, id=6252, stack(0x0000000012240000,0x0000000012340000)]
  0x0000000055157800 JavaThread "Signal Dispatcher" daemon [_thread_blocked, id=10588, stack(0x00000000565e0000,0x00000000566e0000)]
  0x00000000550f7000 JavaThread "Finalizer" daemon [_thread_blocked, id=7448, stack(0x00000000564b0000,0x00000000565b0000)]
  0x00000000550f0800 JavaThread "Reference Handler" daemon [_thread_blocked, id=412, stack(0x0000000056160000,0x0000000056260000)]
  0x00000000022f8000 JavaThread "main" [_thread_blocked, id=7680, stack(0x00000000024c0000,0x00000000025c0000)]

Other Threads:
  0x00000000550ea800 VMThread [stack: 0x0000000056260000,0x0000000056360000] [id=8800]
  0x000000005733c000 WatcherThread [stack: 0x0000000058260000,0x0000000058360000] [id=9964]

VM state:not at safepoint (normal execution)

VM Mutex/Monitor currently owned by a thread: None

Heap:
 PSYoungGen      total 18944K, used 1311K [0x00000000eb380000, 0x00000000ec880000, 0x0000000100000000)
  eden space 16384K, 8% used [0x00000000eb380000,0x00000000eb4c7c70,0x00000000ec380000)
  from space 2560K, 0% used [0x00000000ec600000,0x00000000ec600000,0x00000000ec880000)
  to   space 2560K, 0% used [0x00000000ec380000,0x00000000ec380000,0x00000000ec600000)
 ParOldGen       total 44032K, used 0K [0x00000000c1a00000, 0x00000000c4500000, 0x00000000eb380000)
  object space 44032K, 0% used [0x00000000c1a00000,0x00000000c1a00000,0x00000000c4500000)
 Metaspace       used 2422K, capacity 4490K, committed 4864K, reserved 1056768K
  class space    used 266K, capacity 386K, committed 512K, reserved 1048576K

Card table byte_map: [0x0000000011c50000,0x0000000011e50000] byte_map_base: 0x0000000011643000

Marking Bits: (ParMarkBitMap*) 0x0000000057204040
 Begin Bits: [0x0000000012630000, 0x00000000135c8000)
 End Bits:   [0x00000000135c8000, 0x0000000014560000)

Polling page: 0x0000000000360000

CodeCache: size=245760Kb used=1086Kb max_used=1086Kb free=244673Kb
 bounds [0x0000000002890000, 0x0000000002b00000, 0x0000000011890000]
 total_blobs=241 nmethods=19 adapters=144
 compilation: enabled

Compilation events (10 events):
Event: 4.151 Thread 0x00000000572c5000   14       3       java.io.WinNTFileSystem::isSlash (18 bytes)
Event: 4.151 Thread 0x00000000572c5000 nmethod 14 0x000000000299cc50 code [0x000000000299cda0, 0x000000000299cf90]
Event: 4.151 Thread 0x00000000572c5000   16  s    3       java.lang.StringBuffer::append (13 bytes)
Event: 4.151 Thread 0x00000000572c5000 nmethod 16 0x000000000299d010 code [0x000000000299d1a0, 0x000000000299d688]
Event: 4.151 Thread 0x00000000572c5000   17       3       java.lang.String::getChars (62 bytes)
Event: 4.151 Thread 0x00000000572c5000 nmethod 17 0x000000000299d8d0 code [0x000000000299daa0, 0x000000000299df58]
Event: 4.259 Thread 0x00000000572c5000   18       3       java.lang.String::equals (81 bytes)
Event: 4.260 Thread 0x00000000572c5000 nmethod 18 0x000000000299ea10 code [0x000000000299eba0, 0x000000000299f0f0]
Event: 4.315 Thread 0x00000000572c5000   19       3       java.lang.AbstractStringBuilder::append (50 bytes)
Event: 4.315 Thread 0x00000000572c5000 nmethod 19 0x000000000299f2d0 code [0x000000000299f460, 0x000000000299f968]

GC Heap History (0 events):
No events

Deoptimization events (0 events):
No events

Internal exceptions (2 events):
Event: 1.711 Thread 0x00000000022f8000 Exception <a 'java/lang/NoSuchMethodError': Method sun.misc.Unsafe.defineClass(Ljava/lang/String;[BII)Ljava/lang/Class; name or signature does not match> (0x00000000eb38d270) thrown at [C:\re\workspace\8-2-build-windows-amd64-cygwin\jdk8u45\3627\hotspot\srÄ(âë5aû?
Event: 1.711 Thread 0x00000000022f8000 Exception <a 'java/lang/NoSuchMethodError': Method sun.misc.Unsafe.prefetchRead(Ljava/lang/Object;J)V name or signature does not match> (0x00000000eb38d500) thrown at [C:\re\workspace\8-2-build-windows-amd64-cygwin\jdk8u45\3627\hotspot\src\share\vm\prims\j

Events (10 events):
Event: 140.653 Executing VM operation: GetCurrentLocation
Event: 140.653 Executing VM operation: GetCurrentLocation done
Event: 140.653 Executing VM operation: EnterInterpOnlyMode
Event: 140.653 Executing VM operation: EnterInterpOnlyMode done
Event: 140.653 Executing VM operation: ChangeSingleStep
Event: 140.654 Executing VM operation: ChangeSingleStep done
Event: 140.654 Executing VM operation: ChangeSingleStep
Event: 140.654 Executing VM operation: ChangeSingleStep done
Event: 140.723 Executing VM operation: RedefineClasses
Event: 140.766 Executing VM operation: RedefineClasses done


Dynamic libraries:
0x000000013f590000 - 0x000000013f5c7000 	D:\Program Files\Java\jre1.8.0_45\bin\javaw.exe
0x0000000076d70000 - 0x0000000076f1a000 	C:\windows\SYSTEM32\ntdll.dll
0x0000000076b50000 - 0x0000000076c6f000 	C:\windows\system32\kernel32.dll
0x000007fefcb10000 - 0x000007fefcb7b000 	C:\windows\system32\KERNELBASE.dll
0x0000000074800000 - 0x0000000074889000 	C:\windows\System32\SYSFER.DLL
0x000007fefe840000 - 0x000007fefe91b000 	C:\windows\system32\ADVAPI32.dll
0x000007fefe240000 - 0x000007fefe2df000 	C:\windows\system32\msvcrt.dll
0x000007fefee80000 - 0x000007fefee9f000 	C:\windows\SYSTEM32\sechost.dll
0x000007fefed50000 - 0x000007fefee7d000 	C:\windows\system32\RPCRT4.dll
0x0000000076c70000 - 0x0000000076d6a000 	C:\windows\system32\USER32.dll
0x000007fefeba0000 - 0x000007fefec07000 	C:\windows\system32\GDI32.dll
0x000007fefe1c0000 - 0x000007fefe1ce000 	C:\windows\system32\LPK.dll
0x000007fefe920000 - 0x000007fefe9ea000 	C:\windows\system32\USP10.dll
0x000007fefb620000 - 0x000007fefb814000 	C:\windows\WinSxS\amd64_microsoft.windows.common-controls_6595b64144ccf1df_6.0.7601.18837_none_fa3b1e3d17594757\COMCTL32.dll
0x000007fefea00000 - 0x000007fefea71000 	C:\windows\system32\SHLWAPI.dll
0x000007fefec10000 - 0x000007fefec3e000 	C:\windows\system32\IMM32.DLL
0x000007fefec40000 - 0x000007fefed49000 	C:\windows\system32\MSCTF.dll
0x00000000747c0000 - 0x00000000747f8000 	C:\PROGRA~2\Sophos\SOPHOS~1\SOPHOS~2.DLL
0x0000000076f40000 - 0x0000000076f47000 	C:\windows\system32\PSAPI.DLL
0x0000000060980000 - 0x0000000060a52000 	D:\Program Files\Java\jre1.8.0_45\bin\msvcr100.dll
0x0000000056a00000 - 0x0000000057283000 	D:\Program Files\Java\jre1.8.0_45\bin\server\jvm.dll
0x000007fefa0f0000 - 0x000007fefa0f9000 	C:\windows\system32\WSOCK32.dll
0x000007fefe1d0000 - 0x000007fefe21d000 	C:\windows\system32\WS2_32.dll
0x000007fefe9f0000 - 0x000007fefe9f8000 	C:\windows\system32\NSI.dll
0x000007fefa300000 - 0x000007fefa33b000 	C:\windows\system32\WINMM.dll
0x000007fefbf20000 - 0x000007fefbf2c000 	C:\windows\system32\VERSION.dll
0x00000000690f0000 - 0x00000000690ff000 	D:\Program Files\Java\jre1.8.0_45\bin\verify.dll
0x00000000690c0000 - 0x00000000690e9000 	D:\Program Files\Java\jre1.8.0_45\bin\java.dll
0x000000005fa30000 - 0x000000005fa65000 	D:\Program Files\Java\jre1.8.0_45\bin\jdwp.dll
0x0000000060ea0000 - 0x0000000060ea8000 	D:\Program Files\Java\jre1.8.0_45\bin\npt.dll
0x00000000690a0000 - 0x00000000690b6000 	D:\Program Files\Java\jre1.8.0_45\bin\zip.dll
0x000007fefd160000 - 0x000007fefdee9000 	C:\windows\system32\SHELL32.dll
0x000007fefcf50000 - 0x000007fefd153000 	C:\windows\system32\ole32.dll
0x000007fefcaf0000 - 0x000007fefcaff000 	C:\windows\system32\profapi.dll
0x0000000060970000 - 0x0000000060979000 	D:\Program Files\Java\jre1.8.0_45\bin\dt_socket.dll
0x000007fefa600000 - 0x000007fefa615000 	C:\windows\system32\NLAapi.dll
0x000007fef34b0000 - 0x000007fef34c5000 	C:\windows\system32\napinsp.dll
0x000007fef34d0000 - 0x000007fef34e9000 	C:\windows\system32\pnrpnsp.dll
0x000007fefc290000 - 0x000007fefc2e5000 	C:\windows\System32\mswsock.dll
0x000007fefc110000 - 0x000007fefc16b000 	C:\windows\system32\DNSAPI.dll
0x000007fefa190000 - 0x000007fefa19b000 	C:\windows\System32\winrnr.dll
0x000007fef4bb0000 - 0x000007fef4bdf000 	C:\Program Files\Common Files\Microsoft Shared\Windows Live\WLIDNSP.DLL
0x000007fefb3f0000 - 0x000007fefb417000 	C:\windows\system32\IPHLPAPI.DLL
0x000007fefbc10000 - 0x000007fefbc1b000 	C:\windows\system32\WINNSI.DLL
0x000007fef9450000 - 0x000007fef94a3000 	C:\windows\System32\fwpuclnt.dll
0x000007fef4ba0000 - 0x000007fef4ba8000 	C:\windows\system32\rasadhlp.dll
0x000007fefbc20000 - 0x000007fefbc4d000 	C:\ProgramData\Sophos\Web Intelligence\swi_ifslsp_64.dll
0x000007fefbc00000 - 0x000007fefbc07000 	C:\windows\System32\wshtcpip.dll
0x000007fefa340000 - 0x000007fefa465000 	C:\windows\system32\dbghelp.dll

VM Arguments:
jvm_args: -agentlib:jdwp=transport=dt_socket,suspend=y,address=localhost:50452 -Dfile.encoding=UTF-8 -Xbootclasspath:D:\Program Files\Java\jre1.8.0_45\lib\resources.jar;D:\Program Files\Java\jre1.8.0_45\lib\rt.jar;D:\Program Files\Java\jre1.8.0_45\lib\jsse.jar;D:\Program Files\Java\jre1.8.0_45\lib\jce.jar;D:\Program Files\Java\jre1.8.0_45\lib\charsets.jar;D:\Program Files\Java\jre1.8.0_45\lib\jfr.jar;D:\Program Files\Java\jdk1.8.0_45\src.zip 
java_command: in.spring4buddies.application.sample.sort.QuickSort
java_class_path (initial): D:\poc\blogWS\code\spring-blog\Notes\dp-example\target\classes
Launcher Type: SUN_STANDARD

Environment Variables:
JAVA_HOME=D:\Program Files\Java\jdk1.8.0_45
PATH=D:/Program Files/Java/jre1.8.0_45/bin/server;D:/Program Files/Java/jre1.8.0_45/bin;D:/Program Files/Java/jre1.8.0_45/lib/amd64;C:\ProgramData\Oracle\Java\javapath;C:\Program Files\Common Files\Microsoft Shared\Windows Live;C:\Program Files (x86)\Common Files\Microsoft Shared\Windows Live;C:\windows\system32;C:\windows;C:\windows\System32\Wbem;C:\windows\System32\WindowsPowerShell\v1.0\;C:\Program Files (x86)\Windows Live\Shared;C:\Program Files\TortoiseSVN\bin;%JAVA_HOME%\bin;%M2%;;D:\Program Files\Java\jdk1.8.0_45\bin;D:\dev\apache-maven-3.3.3\bin;D:\dev\gradle-2.5\bin;.;;D:\dev\sts-bundle\sts-3.6.4.RELEASE;
USERNAME=amenchu
OS=Windows_NT
PROCESSOR_IDENTIFIER=Intel64 Family 6 Model 42 Stepping 7, GenuineIntel



---------------  S Y S T E M  ---------------

OS: Windows 7 , 64 bit Build 7601 (6.1.7601.19160)

CPU:total 4 (4 cores per cpu, 1 threads per core) family 6 model 42 stepping 7, cmov, cx8, fxsr, mmx, sse, sse2, sse3, ssse3, sse4.1, sse4.2, popcnt, avx, aes, clmul, tsc, tscinvbit

Memory: 4k page, physical 4079632k(584496k free), swap 14258644k(8524140k free)

vm_info: Java HotSpot(TM) 64-Bit Server VM (25.45-b02) for windows-amd64 JRE (1.8.0_45-b15), built on Apr 30 2015 12:40:44 by "java_re" with MS VC++ 10.0 (VS2010)

time: Tue May 24 13:41:38 2016
elapsed time: 141 seconds (0d 0h 2m 21s)

